C:\Users\admin\Desktop\NinjaRipperSrc\Tools\D3DWrapper\Release\cl.command.1.tlog
C:\Users\admin\Desktop\NinjaRipperSrc\Tools\D3DWrapper\Release\CL.read.1.tlog
C:\Users\admin\Desktop\NinjaRipperSrc\Tools\D3DWrapper\Release\CL.write.1.tlog
C:\USERS\ADMIN\DESKTOP\NINJARIPPERSRC\TOOLS\D3DWRAPPER\RELEASE\D3D11WRAP.OBJ
C:\USERS\ADMIN\DESKTOP\NINJARIPPERSRC\TOOLS\D3DWRAPPER\RELEASE\D3DWRAP.DLL
C:\USERS\ADMIN\DESKTOP\NINJARIPPERSRC\TOOLS\D3DWRAPPER\RELEASE\D3DWRAP.DLL.INTERMEDIATE.MANIFEST
C:\USERS\ADMIN\DESKTOP\NINJARIPPERSRC\TOOLS\D3DWRAPPER\RELEASE\D3DWRAP.PCH
C:\USERS\ADMIN\DESKTOP\NINJARIPPERSRC\TOOLS\D3DWRAPPER\RELEASE\D3DWRAP.PDB
C:\Users\admin\Desktop\NinjaRipperSrc\Tools\D3DWrapper\Release\intruder.exp
C:\Users\admin\Desktop\NinjaRipperSrc\Tools\D3DWrapper\Release\intruder.lib
C:\USERS\ADMIN\DESKTOP\NINJARIPPERSRC\TOOLS\D3DWRAPPER\RELEASE\INTRUDER.OBJ
C:\USERS\ADMIN\DESKTOP\NINJARIPPERSRC\TOOLS\D3DWRAPPER\RELEASE\INTRUDER.RES
C:\Users\admin\Desktop\NinjaRipperSrc\Tools\D3DWrapper\Release\intruder.write.1.tlog
C:\Users\admin\Desktop\NinjaRipperSrc\Tools\D3DWrapper\Release\link.command.1.tlog
C:\Users\admin\Desktop\NinjaRipperSrc\Tools\D3DWrapper\Release\link.read.1.tlog
C:\Users\admin\Desktop\NinjaRipperSrc\Tools\D3DWrapper\Release\link.write.1.tlog
C:\Users\admin\Desktop\NinjaRipperSrc\Tools\D3DWrapper\Release\link-cvtres.read.1.tlog
C:\Users\admin\Desktop\NinjaRipperSrc\Tools\D3DWrapper\Release\link-cvtres.write.1.tlog
C:\Users\admin\Desktop\NinjaRipperSrc\Tools\D3DWrapper\Release\mt.command.1.tlog
C:\Users\admin\Desktop\NinjaRipperSrc\Tools\D3DWrapper\Release\mt.read.1.tlog
C:\Users\admin\Desktop\NinjaRipperSrc\Tools\D3DWrapper\Release\mt.write.1.tlog
C:\Users\admin\Desktop\NinjaRipperSrc\Tools\D3DWrapper\Release\rc.command.1.tlog
C:\Users\admin\Desktop\NinjaRipperSrc\Tools\D3DWrapper\Release\rc.read.1.tlog
C:\Users\admin\Desktop\NinjaRipperSrc\Tools\D3DWrapper\Release\rc.write.1.tlog
C:\USERS\ADMIN\DESKTOP\NINJARIPPERSRC\TOOLS\D3DWRAPPER\RELEASE\REGISTRY.OBJ
C:\USERS\ADMIN\DESKTOP\NINJARIPPERSRC\TOOLS\D3DWRAPPER\RELEASE\STDAFX.OBJ
C:\USERS\ADMIN\DESKTOP\NINJARIPPERSRC\TOOLS\D3DWRAPPER\RELEASE\VC100.PDB
Release\d3dwrap.pdb
